This file contains any messages produced by compilers while
running configure, to aid debugging if configure makes a mistake.

It was created by libest configure 1.1.1p, which was
generated by GNU Autoconf 2.69.  Invocation command line was

  $ ./configure 

## --------- ##
## Platform. ##
## --------- ##

hostname = ubuntu
uname -m = i686
uname -r = 3.2.0-85-generic
uname -s = Linux
uname -v = #122-Ubuntu SMP Tue May 26 16:15:25 UTC 2015

/usr/bin/uname -p = unknown
/bin/uname -X     = unknown

/bin/arch              = unknown
/usr/bin/arch -k       = unknown
/usr/convex/getsysinfo = unknown
/usr/bin/hostinfo      = unknown
/bin/machine           = unknown
/usr/bin/oslevel       = unknown
/bin/universe          = unknown

PATH: /usr/lib/lightdm/lightdm
PATH: /usr/local/sbin
PATH: /usr/local/bin
PATH: /usr/sbin
PATH: /usr/bin
PATH: /sbin
PATH: /bin
PATH: /usr/games


## ----------- ##
## Core tests. ##
## ----------- ##

configure:2187: checking for a BSD-compatible install
configure:2255: result: /usr/bin/install -c
configure:2266: checking whether build environment is sane
configure:2321: result: yes
configure:2472: checking for a thread-safe mkdir -p
configure:2511: result: /bin/mkdir -p
configure:2518: checking for gawk
configure:2534: found /usr/bin/gawk
configure:2545: result: gawk
configure:2556: checking whether make sets $(MAKE)
configure:2578: result: yes
configure:2607: checking whether make supports nested variables
configure:2624: result: yes
configure:2798: checking for gcc
configure:2814: found /usr/bin/gcc
configure:2825: result: gcc
configure:3054: checking for C compiler version
configure:3063: gcc --version >&5
gcc (Ubuntu/Linaro 4.6.3-1ubuntu5) 4.6.3
Copyright (C) 2011 Free Software Foundation, Inc.
This is free software; see the source for copying conditions.  There is NO
warranty; not even for MERCHANTABILITY or FITNESS FOR A PARTICULAR PURPOSE.

configure:3074: $? = 0
configure:3063: gcc -v >&5
Using built-in specs.
COLLECT_GCC=gcc
COLLECT_LTO_WRAPPER=/usr/lib/gcc/i686-linux-gnu/4.6/lto-wrapper
Target: i686-linux-gnu
Configured with: ../src/configure -v --with-pkgversion='Ubuntu/Linaro 4.6.3-1ubuntu5' --with-bugurl=file:///usr/share/doc/gcc-4.6/README.Bugs --enable-languages=c,c++,fortran,objc,obj-c++ --prefix=/usr --program-suffix=-4.6 --enable-shared --enable-linker-build-id --with-system-zlib --libexecdir=/usr/lib --without-included-gettext --enable-threads=posix --with-gxx-include-dir=/usr/include/c++/4.6 --libdir=/usr/lib --enable-nls --with-sysroot=/ --enable-clocale=gnu --enable-libstdcxx-debug --enable-libstdcxx-time=yes --enable-gnu-unique-object --enable-plugin --enable-objc-gc --enable-targets=all --disable-werror --with-arch-32=i686 --with-tune=generic --enable-checking=release --build=i686-linux-gnu --host=i686-linux-gnu --target=i686-linux-gnu
Thread model: posix
gcc version 4.6.3 (Ubuntu/Linaro 4.6.3-1ubuntu5) 
configure:3074: $? = 0
configure:3063: gcc -V >&5
gcc: error: unrecognized option '-V'
gcc: fatal error: no input files
compilation terminated.
configure:3074: $? = 4
configure:3063: gcc -qversion >&5
gcc: error: unrecognized option '-qversion'
gcc: fatal error: no input files
compilation terminated.
configure:3074: $? = 4
configure:3094: checking whether the C compiler works
configure:3116: gcc    conftest.c  >&5
configure:3120: $? = 0
configure:3168: result: yes
configure:3171: checking for C compiler default output file name
configure:3173: result: a.out
configure:3179: checking for suffix of executables
configure:3186: gcc -o conftest    conftest.c  >&5
configure:3190: $? = 0
configure:3212: result: 
configure:3234: checking whether we are cross compiling
configure:3242: gcc -o conftest    conftest.c  >&5
configure:3246: $? = 0
configure:3253: ./conftest
configure:3257: $? = 0
configure:3272: result: no
configure:3277: checking for suffix of object files
configure:3299: gcc -c   conftest.c >&5
configure:3303: $? = 0
configure:3324: result: o
configure:3328: checking whether we are using the GNU C compiler
configure:3347: gcc -c   conftest.c >&5
configure:3347: $? = 0
configure:3356: result: yes
configure:3365: checking whether gcc accepts -g
configure:3385: gcc -c -g  conftest.c >&5
configure:3385: $? = 0
configure:3426: result: yes
configure:3443: checking for gcc option to accept ISO C89
configure:3506: gcc  -c -g -O2  conftest.c >&5
configure:3506: $? = 0
configure:3519: result: none needed
configure:3544: checking whether gcc understands -c and -o together
configure:3566: gcc -c conftest.c -o conftest2.o
configure:3569: $? = 0
configure:3566: gcc -c conftest.c -o conftest2.o
configure:3569: $? = 0
configure:3581: result: yes
configure:3609: checking for style of include used by make
configure:3637: result: GNU
configure:3663: checking dependency style of gcc
configure:3774: result: gcc3
configure:3818: checking build system type
configure:3832: result: i686-pc-linux-gnu
configure:3852: checking host system type
configure:3865: result: i686-pc-linux-gnu
configure:3906: checking how to print strings
configure:3933: result: printf
configure:3954: checking for a sed that does not truncate output
configure:4018: result: /bin/sed
configure:4036: checking for grep that handles long lines and -e
configure:4094: result: /bin/grep
configure:4099: checking for egrep
configure:4161: result: /bin/grep -E
configure:4166: checking for fgrep
configure:4228: result: /bin/grep -F
configure:4263: checking for ld used by gcc
configure:4330: result: /usr/bin/ld
configure:4337: checking if the linker (/usr/bin/ld) is GNU ld
configure:4352: result: yes
configure:4364: checking for BSD- or MS-compatible name lister (nm)
configure:4413: result: /usr/bin/nm -B
configure:4543: checking the name lister (/usr/bin/nm -B) interface
configure:4550: gcc -c -g -O2  conftest.c >&5
configure:4553: /usr/bin/nm -B "conftest.o"
configure:4556: output
00000000 B some_variable
configure:4563: result: BSD nm
configure:4566: checking whether ln -s works
configure:4570: result: yes
configure:4578: checking the maximum length of command line arguments
configure:4709: result: 1572864
configure:4726: checking whether the shell understands some XSI constructs
configure:4736: result: yes
configure:4740: checking whether the shell understands "+="
configure:4746: result: yes
configure:4781: checking how to convert i686-pc-linux-gnu file names to i686-pc-linux-gnu format
configure:4821: result: func_convert_file_noop
configure:4828: checking how to convert i686-pc-linux-gnu file names to toolchain format
configure:4848: result: func_convert_file_noop
configure:4855: checking for /usr/bin/ld option to reload object files
configure:4862: result: -r
configure:4936: checking for objdump
configure:4952: found /usr/bin/objdump
configure:4963: result: objdump
configure:4995: checking how to recognize dependent libraries
configure:5193: result: pass_all
configure:5278: checking for dlltool
configure:5308: result: no
configure:5338: checking how to associate runtime and link libraries
configure:5365: result: printf %s\n
configure:5426: checking for ar
configure:5442: found /usr/bin/ar
configure:5453: result: ar
configure:5490: checking for archiver @FILE support
configure:5507: gcc -c -g -O2  conftest.c >&5
configure:5507: $? = 0
configure:5510: ar cru libconftest.a @conftest.lst >&5
configure:5513: $? = 0
configure:5518: ar cru libconftest.a @conftest.lst >&5
ar: conftest.o: No such file or directory
configure:5521: $? = 1
configure:5533: result: @
configure:5591: checking for strip
configure:5607: found /usr/bin/strip
configure:5618: result: strip
configure:5690: checking for ranlib
configure:5706: found /usr/bin/ranlib
configure:5717: result: ranlib
configure:5819: checking command to parse /usr/bin/nm -B output from gcc object
configure:5939: gcc -c -g -O2  conftest.c >&5
configure:5942: $? = 0
configure:5946: /usr/bin/nm -B conftest.o \| sed -n -e 's/^.*[ ]\([ABCDGIRSTW][ABCDGIRSTW]*\)[ ][ ]*\([_A-Za-z][_A-Za-z0-9]*\)$/\1 \2 \2/p' | sed '/ __gnu_lto/d' \> conftest.nm
configure:5949: $? = 0
configure:6015: gcc -o conftest -g -O2   conftest.c conftstm.o >&5
configure:6018: $? = 0
configure:6056: result: ok
configure:6093: checking for sysroot
configure:6123: result: no
configure:6392: checking for mt
configure:6408: found /bin/mt
configure:6419: result: mt
configure:6442: checking if mt is a manifest tool
configure:6448: mt '-?'
configure:6456: result: no
configure:7098: checking how to run the C preprocessor
configure:7129: gcc -E  conftest.c
configure:7129: $? = 0
configure:7143: gcc -E  conftest.c
conftest.c:11:28: fatal error: ac_nonexistent.h: No such file or directory
compilation terminated.
configure:7143: $? = 1
configure: failed program was:
| /* confdefs.h */
| #define PACKAGE_NAME "libest"
| #define PACKAGE_TARNAME "libest"
| #define PACKAGE_VERSION "1.1.1p"
| #define PACKAGE_STRING "libest 1.1.1p"
| #define PACKAGE_BUGREPORT "libest-dev"
| #define PACKAGE_URL ""
| #define PACKAGE "libest"
| #define VERSION "1.1.1p"
| /* end confdefs.h.  */
| #include <ac_nonexistent.h>
configure:7168: result: gcc -E
configure:7188: gcc -E  conftest.c
configure:7188: $? = 0
configure:7202: gcc -E  conftest.c
conftest.c:11:28: fatal error: ac_nonexistent.h: No such file or directory
compilation terminated.
configure:7202: $? = 1
configure: failed program was:
| /* confdefs.h */
| #define PACKAGE_NAME "libest"
| #define PACKAGE_TARNAME "libest"
| #define PACKAGE_VERSION "1.1.1p"
| #define PACKAGE_STRING "libest 1.1.1p"
| #define PACKAGE_BUGREPORT "libest-dev"
| #define PACKAGE_URL ""
| #define PACKAGE "libest"
| #define VERSION "1.1.1p"
| /* end confdefs.h.  */
| #include <ac_nonexistent.h>
configure:7231: checking for ANSI C header files
configure:7251: gcc -c -g -O2  conftest.c >&5
configure:7251: $? = 0
configure:7324: gcc -o conftest -g -O2   conftest.c  >&5
configure:7324: $? = 0
configure:7324: ./conftest
configure:7324: $? = 0
configure:7335: result: yes
configure:7348: checking for sys/types.h
configure:7348: gcc -c -g -O2  conftest.c >&5
configure:7348: $? = 0
configure:7348: result: yes
configure:7348: checking for sys/stat.h
configure:7348: gcc -c -g -O2  conftest.c >&5
configure:7348: $? = 0
configure:7348: result: yes
configure:7348: checking for stdlib.h
configure:7348: gcc -c -g -O2  conftest.c >&5
configure:7348: $? = 0
configure:7348: result: yes
configure:7348: checking for string.h
configure:7348: gcc -c -g -O2  conftest.c >&5
configure:7348: $? = 0
configure:7348: result: yes
configure:7348: checking for memory.h
configure:7348: gcc -c -g -O2  conftest.c >&5
configure:7348: $? = 0
configure:7348: result: yes
configure:7348: checking for strings.h
configure:7348: gcc -c -g -O2  conftest.c >&5
configure:7348: $? = 0
configure:7348: result: yes
configure:7348: checking for inttypes.h
configure:7348: gcc -c -g -O2  conftest.c >&5
configure:7348: $? = 0
configure:7348: result: yes
configure:7348: checking for stdint.h
configure:7348: gcc -c -g -O2  conftest.c >&5
configure:7348: $? = 0
configure:7348: result: yes
configure:7348: checking for unistd.h
configure:7348: gcc -c -g -O2  conftest.c >&5
configure:7348: $? = 0
configure:7348: result: yes
configure:7362: checking for dlfcn.h
configure:7362: gcc -c -g -O2  conftest.c >&5
configure:7362: $? = 0
configure:7362: result: yes
configure:7568: checking for objdir
configure:7583: result: .libs
configure:7854: checking if gcc supports -fno-rtti -fno-exceptions
configure:7872: gcc -c -g -O2  -fno-rtti -fno-exceptions conftest.c >&5
cc1: warning: command line option '-fno-rtti' is valid for C++/ObjC++ but not for C [enabled by default]
configure:7876: $? = 0
configure:7889: result: no
configure:8216: checking for gcc option to produce PIC
configure:8223: result: -fPIC -DPIC
configure:8231: checking if gcc PIC flag -fPIC -DPIC works
configure:8249: gcc -c -g -O2  -fPIC -DPIC -DPIC conftest.c >&5
configure:8253: $? = 0
configure:8266: result: yes
configure:8295: checking if gcc static flag -static works
configure:8323: result: yes
configure:8338: checking if gcc supports -c -o file.o
configure:8359: gcc -c -g -O2  -o out/conftest2.o conftest.c >&5
configure:8363: $? = 0
configure:8385: result: yes
configure:8393: checking if gcc supports -c -o file.o
configure:8440: result: yes
configure:8473: checking whether the gcc linker (/usr/bin/ld) supports shared libraries
configure:9630: result: yes
configure:9667: checking whether -lc should be explicitly linked in
configure:9675: gcc -c -g -O2  conftest.c >&5
configure:9678: $? = 0
configure:9693: gcc -shared  -fPIC -DPIC conftest.o  -v -Wl,-soname -Wl,conftest -o conftest 2\>\&1 \| /bin/grep  -lc  \>/dev/null 2\>\&1
configure:9696: $? = 0
configure:9710: result: no
configure:9870: checking dynamic linker characteristics
configure:10370: gcc -o conftest -g -O2   -Wl,-rpath -Wl,/foo conftest.c  >&5
configure:10370: $? = 0
configure:10604: result: GNU/Linux ld.so
configure:10711: checking how to hardcode library paths into programs
configure:10736: result: immediate
configure:11276: checking whether stripping libraries is possible
configure:11281: result: yes
configure:11316: checking if libtool supports shared libraries
configure:11318: result: yes
configure:11321: checking whether to build shared libraries
configure:11342: result: yes
configure:11345: checking whether to build static libraries
configure:11349: result: yes
configure:11396: checking Host OS is FreeBSD
configure:11410: result: FreeBSD not set
configure:11417: checking for dlopen in -ldl
configure:11442: gcc -o conftest -g -O2   conftest.c -ldl   >&5
configure:11442: $? = 0
configure:11451: result: yes
configure:11490: result: JNI support is disabled
configure:11523: result: pthread support is enabled
configure:11528: checking for pthread_create in -lpthread
configure:11553: gcc -o conftest -g -O2   conftest.c -lpthread  -ldl  >&5
configure:11553: $? = 0
configure:11562: result: yes
configure:11648: checking for EVP_EncryptInit in -lcrypto
configure:11673: gcc -o conftest -g -O2 -Wall -I/usr/local/ssl/include   -L/usr/local/ssl/lib conftest.c -lcrypto  -lpthread -ldl  >&5
configure:11673: $? = 0
configure:11682: result: yes
configure:11700: checking for SSL_CTX_new in -lssl
configure:11725: gcc -o conftest -g -O2 -Wall -I/usr/local/ssl/include   -L/usr/local/ssl/lib conftest.c -lssl  -lcrypto -lpthread -ldl  >&5
configure:11725: $? = 0
configure:11734: result: yes
configure:11902: checking that generated files are newer than configure
configure:11908: result: done
configure:11947: creating ./config.status

## ---------------------- ##
## Running config.status. ##
## ---------------------- ##

This file was extended by libest config.status 1.1.1p, which was
generated by GNU Autoconf 2.69.  Invocation command line was

  CONFIG_FILES    = 
  CONFIG_HEADERS  = 
  CONFIG_LINKS    = 
  CONFIG_COMMANDS = 
  $ ./config.status 

on ubuntu

config.status:1021: creating Makefile
config.status:1021: creating version
config.status:1021: creating java/jni/Makefile
config.status:1021: creating src/Makefile
config.status:1021: creating src/est/Makefile
config.status:1021: creating example/client/Makefile
config.status:1021: creating example/client-simple/Makefile
config.status:1021: creating example/server/Makefile
config.status:1021: creating example/proxy/Makefile
config.status:1193: executing depfiles commands
config.status:1193: executing libtool commands

## ---------------- ##
## Cache variables. ##
## ---------------- ##

ac_cv_build=i686-pc-linux-gnu
ac_cv_c_compiler_gnu=yes
ac_cv_env_CC_set=
ac_cv_env_CC_value=
ac_cv_env_CFLAGS_set=
ac_cv_env_CFLAGS_value=
ac_cv_env_CPPFLAGS_set=
ac_cv_env_CPPFLAGS_value=
ac_cv_env_CPP_set=
ac_cv_env_CPP_value=
ac_cv_env_LDFLAGS_set=
ac_cv_env_LDFLAGS_value=
ac_cv_env_LIBS_set=
ac_cv_env_LIBS_value=
ac_cv_env_build_alias_set=
ac_cv_env_build_alias_value=
ac_cv_env_host_alias_set=
ac_cv_env_host_alias_value=
ac_cv_env_target_alias_set=
ac_cv_env_target_alias_value=
ac_cv_header_dlfcn_h=yes
ac_cv_header_inttypes_h=yes
ac_cv_header_memory_h=yes
ac_cv_header_stdc=yes
ac_cv_header_stdint_h=yes
ac_cv_header_stdlib_h=yes
ac_cv_header_string_h=yes
ac_cv_header_strings_h=yes
ac_cv_header_sys_stat_h=yes
ac_cv_header_sys_types_h=yes
ac_cv_header_unistd_h=yes
ac_cv_host=i686-pc-linux-gnu
ac_cv_lib_crypto_EVP_EncryptInit=yes
ac_cv_lib_dl_dlopen=yes
ac_cv_lib_pthread_pthread_create=yes
ac_cv_lib_ssl_SSL_CTX_new=yes
ac_cv_objext=o
ac_cv_path_EGREP='/bin/grep -E'
ac_cv_path_FGREP='/bin/grep -F'
ac_cv_path_GREP=/bin/grep
ac_cv_path_SED=/bin/sed
ac_cv_path_install='/usr/bin/install -c'
ac_cv_path_mkdir=/bin/mkdir
ac_cv_prog_AWK=gawk
ac_cv_prog_CPP='gcc -E'
ac_cv_prog_ac_ct_AR=ar
ac_cv_prog_ac_ct_CC=gcc
ac_cv_prog_ac_ct_MANIFEST_TOOL=mt
ac_cv_prog_ac_ct_OBJDUMP=objdump
ac_cv_prog_ac_ct_RANLIB=ranlib
ac_cv_prog_ac_ct_STRIP=strip
ac_cv_prog_cc_c89=
ac_cv_prog_cc_g=yes
ac_cv_prog_make_make_set=yes
am_cv_CC_dependencies_compiler_type=gcc3
am_cv_make_support_nested_variables=yes
am_cv_prog_cc_c_o=yes
lt_cv_ar_at_file=@
lt_cv_archive_cmds_need_lc=no
lt_cv_deplibs_check_method=pass_all
lt_cv_file_magic_cmd='$MAGIC_CMD'
lt_cv_file_magic_test_file=
lt_cv_ld_reload_flag=-r
lt_cv_nm_interface='BSD nm'
lt_cv_objdir=.libs
lt_cv_path_LD=/usr/bin/ld
lt_cv_path_NM='/usr/bin/nm -B'
lt_cv_path_mainfest_tool=no
lt_cv_prog_compiler_c_o=yes
lt_cv_prog_compiler_pic='-fPIC -DPIC'
lt_cv_prog_compiler_pic_works=yes
lt_cv_prog_compiler_rtti_exceptions=no
lt_cv_prog_compiler_static_works=yes
lt_cv_prog_gnu_ld=yes
lt_cv_sharedlib_from_linklib_cmd='printf %s\n'
lt_cv_shlibpath_overrides_runpath=no
lt_cv_sys_global_symbol_pipe='sed -n -e '\''s/^.*[	 ]\([ABCDGIRSTW][ABCDGIRSTW]*\)[	 ][	 ]*\([_A-Za-z][_A-Za-z0-9]*\)$/\1 \2 \2/p'\'' | sed '\''/ __gnu_lto/d'\'''
lt_cv_sys_global_symbol_to_c_name_address='sed -n -e '\''s/^: \([^ ]*\)[ ]*$/  {\"\1\", (void *) 0},/p'\'' -e '\''s/^[ABCDGIRSTW]* \([^ ]*\) \([^ ]*\)$/  {"\2", (void *) \&\2},/p'\'''
lt_cv_sys_global_symbol_to_c_name_address_lib_prefix='sed -n -e '\''s/^: \([^ ]*\)[ ]*$/  {\"\1\", (void *) 0},/p'\'' -e '\''s/^[ABCDGIRSTW]* \([^ ]*\) \(lib[^ ]*\)$/  {"\2", (void *) \&\2},/p'\'' -e '\''s/^[ABCDGIRSTW]* \([^ ]*\) \([^ ]*\)$/  {"lib\2", (void *) \&\2},/p'\'''
lt_cv_sys_global_symbol_to_cdecl='sed -n -e '\''s/^T .* \(.*\)$/extern int \1();/p'\'' -e '\''s/^[ABCDGIRSTW]* .* \(.*\)$/extern char \1;/p'\'''
lt_cv_sys_max_cmd_len=1572864
lt_cv_to_host_file_cmd=func_convert_file_noop
lt_cv_to_tool_file_cmd=func_convert_file_noop

## ----------------- ##
## Output variables. ##
## ----------------- ##

ACLOCAL='${SHELL} /home/mdholaki/Documents/libest_mdholaki/libest/config/missing aclocal-1.14'
AMDEPBACKSLASH='\'
AMDEP_FALSE='#'
AMDEP_TRUE=''
AMTAR='$${TAR-tar}'
AM_BACKSLASH='\'
AM_DEFAULT_V='$(AM_DEFAULT_VERBOSITY)'
AM_DEFAULT_VERBOSITY='1'
AM_V='$(V)'
AR='ar'
AUTOCONF='${SHELL} /home/mdholaki/Documents/libest_mdholaki/libest/config/missing autoconf'
AUTOHEADER='${SHELL} /home/mdholaki/Documents/libest_mdholaki/libest/config/missing autoheader'
AUTOMAKE='${SHELL} /home/mdholaki/Documents/libest_mdholaki/libest/config/missing automake-1.14'
AWK='gawk'
CC='gcc'
CCDEPMODE='depmode=gcc3'
CFLAGS='-g -O2 -Wall -I/usr/local/ssl/include'
CPP='gcc -E'
CPPFLAGS=''
CYGPATH_W='echo'
DEFS='-DPACKAGE_NAME=\"libest\" -DPACKAGE_TARNAME=\"libest\" -DPACKAGE_VERSION=\"1.1.1p\" -DPACKAGE_STRING=\"libest\ 1.1.1p\" -DPACKAGE_BUGREPORT=\"libest-dev\" -DPACKAGE_URL=\"\" -DPACKAGE=\"libest\" -DVERSION=\"1.1.1p\" -DSTDC_HEADERS=1 -DHAVE_SYS_TYPES_H=1 -DHAVE_SYS_STAT_H=1 -DHAVE_STDLIB_H=1 -DHAVE_STRING_H=1 -DHAVE_MEMORY_H=1 -DHAVE_STRINGS_H=1 -DHAVE_INTTYPES_H=1 -DHAVE_STDINT_H=1 -DHAVE_UNISTD_H=1 -DHAVE_DLFCN_H=1 -DLT_OBJDIR=\".libs/\" -DHAVE_LIBDL=1 -DHAVE_LIBPTHREAD=1 -DHAVE_LIBCRYPTO=1 -DHAVE_LIBSSL=1'
DEPDIR='.deps'
DISABLE_PTHREAD_FALSE=''
DISABLE_PTHREAD_TRUE='#'
DLLTOOL='false'
DSYMUTIL=''
DUMPBIN=''
ECHO_C=''
ECHO_N='-n'
ECHO_T=''
EGREP='/bin/grep -E'
ENABLE_JNI_FALSE=''
ENABLE_JNI_TRUE='#'
EXEEXT=''
FGREP='/bin/grep -F'
FREEBSD_FALSE=''
FREEBSD_TRUE='#'
GREP='/bin/grep'
INSTALL_DATA='${INSTALL} -m 644'
INSTALL_PROGRAM='${INSTALL}'
INSTALL_SCRIPT='${INSTALL}'
INSTALL_STRIP_PROGRAM='$(install_sh) -c -s'
JAVA_HOME_SET_FALSE=''
JAVA_HOME_SET_TRUE='#'
LD='/usr/bin/ld'
LDFLAGS=' -L/usr/local/ssl/lib'
LIBOBJS=''
LIBS='-lssl -lcrypto -lpthread -ldl '
LIBTOOL='$(SHELL) $(top_builddir)/libtool'
LIPO=''
LN_S='ln -s'
LTLIBOBJS=''
MAKEINFO='${SHELL} /home/mdholaki/Documents/libest_mdholaki/libest/config/missing makeinfo'
MANIFEST_TOOL=':'
MKDIR_P='/bin/mkdir -p'
NM='/usr/bin/nm -B'
NMEDIT=''
OBJDUMP='objdump'
OBJEXT='o'
OTOOL64=''
OTOOL=''
PACKAGE='libest'
PACKAGE_BUGREPORT='libest-dev'
PACKAGE_NAME='libest'
PACKAGE_STRING='libest 1.1.1p'
PACKAGE_TARNAME='libest'
PACKAGE_URL=''
PACKAGE_VERSION='1.1.1p'
PATH_SEPARATOR=':'
RANLIB='ranlib'
SED='/bin/sed'
SET_MAKE=''
SHELL='/bin/bash'
SSL_CFLAGS='/usr/local/ssl/include'
SSL_LDFLAGS='/usr/local/ssl/lib'
STRIP='strip'
VERSION='1.1.1p'
ac_ct_AR='ar'
ac_ct_CC='gcc'
ac_ct_DUMPBIN=''
am__EXEEXT_FALSE=''
am__EXEEXT_TRUE='#'
am__fastdepCC_FALSE='#'
am__fastdepCC_TRUE=''
am__include='include'
am__isrc=''
am__leading_dot='.'
am__nodep='_no'
am__quote=''
am__tar='$${TAR-tar} chof - "$$tardir"'
am__untar='$${TAR-tar} xf -'
bindir='${exec_prefix}/bin'
build='i686-pc-linux-gnu'
build_alias=''
build_cpu='i686'
build_os='linux-gnu'
build_vendor='pc'
datadir='${datarootdir}'
datarootdir='${prefix}/share'
docdir='${datarootdir}/doc/${PACKAGE_TARNAME}'
dvidir='${docdir}'
exec_prefix='${prefix}'
host='i686-pc-linux-gnu'
host_alias=''
host_cpu='i686'
host_os='linux-gnu'
host_vendor='pc'
htmldir='${docdir}'
includedir='${prefix}/include'
infodir='${datarootdir}/info'
install_sh='${SHELL} /home/mdholaki/Documents/libest_mdholaki/libest/config/install-sh'
libdir='${exec_prefix}/lib'
libexecdir='${exec_prefix}/libexec'
localedir='${datarootdir}/locale'
localstatedir='${prefix}/var'
mandir='${datarootdir}/man'
mkdir_p='$(MKDIR_P)'
oldincludedir='/usr/include'
pdfdir='${docdir}'
prefix='/usr/local/est'
program_transform_name='s,x,x,'
psdir='${docdir}'
sbindir='${exec_prefix}/sbin'
sharedstatedir='${prefix}/com'
sysconfdir='${prefix}/etc'
target_alias=''

## ----------- ##
## confdefs.h. ##
## ----------- ##

/* confdefs.h */
#define PACKAGE_NAME "libest"
#define PACKAGE_TARNAME "libest"
#define PACKAGE_VERSION "1.1.1p"
#define PACKAGE_STRING "libest 1.1.1p"
#define PACKAGE_BUGREPORT "libest-dev"
#define PACKAGE_URL ""
#define PACKAGE "libest"
#define VERSION "1.1.1p"
#define STDC_HEADERS 1
#define HAVE_SYS_TYPES_H 1
#define HAVE_SYS_STAT_H 1
#define HAVE_STDLIB_H 1
#define HAVE_STRING_H 1
#define HAVE_MEMORY_H 1
#define HAVE_STRINGS_H 1
#define HAVE_INTTYPES_H 1
#define HAVE_STDINT_H 1
#define HAVE_UNISTD_H 1
#define HAVE_DLFCN_H 1
#define LT_OBJDIR ".libs/"
#define HAVE_LIBDL 1
#define HAVE_LIBPTHREAD 1
#define HAVE_LIBCRYPTO 1
#define HAVE_LIBSSL 1

configure: exit 0
